<?xml version="1.0" encoding="UTF-8"?>
<!-- Generated by org.testng.reporters.JUnitReportReporter -->
<testsuite skipped="0" hostname="DESKTOP-777BVC7" name="tests.TestAboutUs" tests="1" failures="0" timestamp="03 Jun 2021 21:26:41 GMT" time="5.145" errors="0">
  <testcase name="openAboutUS" time="5.145" classname="tests.TestAboutUs"/>
</testsuite> <!-- tests.TestAboutUs -->
