<?xml version="1.0" encoding="UTF-8"?>
<!-- Generated by org.testng.reporters.JUnitReportReporter -->
<testsuite skipped="0" hostname="DESKTOP-777BVC7" name="tests.TestLogIn" tests="1" failures="0" timestamp="03 Jun 2021 23:15:26 GMT" time="8.041" errors="0">
  <testcase name="openLogIn" time="8.041" classname="tests.TestLogIn"/>
</testsuite> <!-- tests.TestLogIn -->
